Using pre-set license
Built from '2020.2/release' branch; Version is '2020.2.2f1 (068178b99f32) revision 426360'; Using compiler version '192528614'; Build Type 'Release'
OS: 'Windows 10 Home; OS build 18363.1316; Version 1909; 64bit' Language: 'en' Physical Memory: 16257 MB
BatchMode: 1, IsHumanControllingUs: 0, StartBugReporterOnCrash: 0, Is64bit: 1, IsPro: 0

 COMMAND LINE ARGUMENTS:
D:\Unity\Unity editors\2020.2.2f1\Editor\Unity.exe
-adb2
-batchMode
-noUpm
-name
AssetImportWorker0
-projectPath
D:/Dev/Sim150/DDJ_HeroBorn
-logFile
Logs/AssetImportWorker0.log
-srvPort
49770
Successfully changed project path to: D:/Dev/Sim150/DDJ_HeroBorn
D:/Dev/Sim150/DDJ_HeroBorn
Using Asset Import Pipeline V2.
Refreshing native plugins compatible for Editor in 36.48 ms, found 0 plugins.
Preloading 0 native plugins for Editor in 0.00 ms.
Initialize engine version: 2020.2.2f1 (068178b99f32)
[Subsystems] Discovering subsystems at path D:/Unity/Unity editors/2020.2.2f1/Editor/Data/Resources/UnitySubsystems
[Subsystems] Discovering subsystems at path D:/Dev/Sim150/DDJ_HeroBorn/Assets
GfxDevice: creating device client; threaded=0
Direct3D:
    Version:  Direct3D 11.0 [level 11.1]
    Renderer: NVIDIA GeForce GTX 1060 (ID=0x1c20)
    Vendor:   
    VRAM:     6052 MB
    Driver:   27.21.14.5671
Initialize mono
Mono path[0] = 'D:/Unity/Unity editors/2020.2.2f1/Editor/Data/Managed'
Mono path[1] = 'D:/Unity/Unity editors/2020.2.2f1/Editor/Data/MonoBleedingEdge/lib/mono/unityjit'
Mono config path = 'D:/Unity/Unity editors/2020.2.2f1/Editor/Data/MonoBleedingEdge/etc'
Using monoOptions --debugger-agent=transport=dt_socket,embedding=1,server=y,suspend=n,address=127.0.0.1:56592
Begin MonoManager ReloadAssembly
Registering precompiled unity dll's ...
Register platform support module: D:/Unity/Unity editors/2020.2.2f1/Editor/Data/PlaybackEngines/WebGLSupport/UnityEditor.WebGL.Extensions.dll
Register platform support module: D:/Unity/Unity editors/2020.2.2f1/Editor/Data/PlaybackEngines/WindowsStandaloneSupport/UnityEditor.WindowsStandalone.Extensions.dll
Registered in 0.001853 seconds.
Native extension for WindowsStandalone target not found
Native extension for WebGL target not found
Refreshing native plugins compatible for Editor in 34.53 ms, found 0 plugins.
Preloading 0 native plugins for Editor in 0.00 ms.
Invoked RoslynAnalysisRunner static constructor.
RoslynAnalysisRunner will not be running.
RoslynAnalysisRunner has terminated.
Mono: successfully reloaded assembly
- Completed reload, in  1.337 seconds
Platform modules already initialized, skipping
Registering precompiled user dll's ...
Registered in 0.000940 seconds.
Begin MonoManager ReloadAssembly
Native extension for WindowsStandalone target not found
Native extension for WebGL target not found
Refreshing native plugins compatible for Editor in 0.39 ms, found 0 plugins.
Preloading 0 native plugins for Editor in 0.00 ms.
Invoked RoslynAnalysisRunner static constructor.
RoslynAnalysisRunner will not be running.
RoslynAnalysisRunner has terminated.
Mono: successfully reloaded assembly
- Completed reload, in  1.139 seconds
Platform modules already initialized, skipping
========================================================================
Worker process is ready to serve import requests
Launched and connected shader compiler UnityShaderCompiler.exe after 0.07 seconds
Refreshing native plugins compatible for Editor in 0.33 ms, found 0 plugins.
Preloading 0 native plugins for Editor in 0.00 ms.
Unloading 1099 Unused Serialized files (Serialized files now loaded: 0)
System memory in use before: 57.1 MB.
System memory in use after: 57.1 MB.

Unloading 10 unused Assets to reduce memory usage. Loaded Objects now: 1543.
Total: 2.740200 ms (FindLiveObjects: 0.168500 ms CreateObjectMapping: 0.046800 ms MarkObjects: 2.352400 ms  DeleteObjects: 0.170900 ms)

========================================================================
Received Import Request.
  path: Assets/Materials/Blue.mat
  artifactKey: Guid(66e132f72bdbc504b99ebed3ad1a61e7) Importer(815301076,1909f56bfc062723c751e8b465ee728b)
Start importing Assets/Materials/Blue.mat using Guid(66e132f72bdbc504b99ebed3ad1a61e7) Importer(815301076,1909f56bfc062723c751e8b465ee728b)  -> (artifact id: 'c2ae98327afecc814adc2046e72a32c9') in 0.154923 seconds
  Import took 0.169898 seconds .

========================================================================
Received Import Request.
  Time since last request: 0.000463 seconds.
  path: Assets/Materials/Green.mat
  artifactKey: Guid(c473f3b373ac43c4fba8d43dbee7e394) Importer(815301076,1909f56bfc062723c751e8b465ee728b)
Start importing Assets/Materials/Green.mat using Guid(c473f3b373ac43c4fba8d43dbee7e394) Importer(815301076,1909f56bfc062723c751e8b465ee728b)  -> (artifact id: '8d5a8db6d80b947fd5a8532bc74aae9d') in 0.033975 seconds
  Import took 0.036929 seconds .

========================================================================
Received Import Request.
  Time since last request: 3.270909 seconds.
  path: Assets/Materials/New Material.mat
  artifactKey: Guid(2865dc1292e0f674e806a25175b78755) Importer(815301076,1909f56bfc062723c751e8b465ee728b)
Start importing Assets/Materials/New Material.mat using Guid(2865dc1292e0f674e806a25175b78755) Importer(815301076,1909f56bfc062723c751e8b465ee728b)  -> (artifact id: '0e65e8e2ef9abfaa5111bc14f67c68b8') in 0.013351 seconds
  Import took 0.018816 seconds .

========================================================================
Received Import Request.
  Time since last request: 303.269125 seconds.
  path: Assets/script
  artifactKey: Guid(e60ee4a3b93e63b4185bf46c45f3409a) Importer(815301076,1909f56bfc062723c751e8b465ee728b)
Start importing Assets/script using Guid(e60ee4a3b93e63b4185bf46c45f3409a) Importer(815301076,1909f56bfc062723c751e8b465ee728b)  -> (artifact id: '4fdf95f931b8754b21bf98846f92f2f2') in 0.010169 seconds
  Import took 0.038631 seconds .

========================================================================
Received Import Request.
  Time since last request: 5.721476 seconds.
  path: Assets/script/NewBehaviourScript.cs
  artifactKey: Guid(b35eeb1e9d3d78548a8b4c1990485dd0) Importer(815301076,1909f56bfc062723c751e8b465ee728b)
Start importing Assets/script/NewBehaviourScript.cs using Guid(b35eeb1e9d3d78548a8b4c1990485dd0) Importer(815301076,1909f56bfc062723c751e8b465ee728b)  -> (artifact id: '078b93658f25b8e61625f459200fde64') in 0.040573 seconds
  Import took 0.043829 seconds .

========================================================================
Received Prepare
Registering precompiled user dll's ...
Registered in 0.002884 seconds.
Begin MonoManager ReloadAssembly
Native extension for WindowsStandalone target not found
Native extension for WebGL target not found
Refreshing native plugins compatible for Editor in 0.24 ms, found 0 plugins.
Preloading 0 native plugins for Editor in 0.00 ms.
Invoked RoslynAnalysisRunner static constructor.
RoslynAnalysisRunner will not be running.
RoslynAnalysisRunner has terminated.
Mono: successfully reloaded assembly
- Completed reload, in  1.195 seconds
Platform modules already initialized, skipping
Refreshing native plugins compatible for Editor in 0.26 ms, found 0 plugins.
Preloading 0 native plugins for Editor in 0.00 ms.
Unloading 1095 Unused Serialized files (Serialized files now loaded: 0)
System memory in use before: 60.6 MB.
System memory in use after: 60.6 MB.

Unloading 5 unused Assets to reduce memory usage. Loaded Objects now: 1586.
Total: 2.352500 ms (FindLiveObjects: 0.290900 ms CreateObjectMapping: 0.087100 ms MarkObjects: 1.915700 ms  DeleteObjects: 0.056500 ms)

========================================================================
Received Import Request.
  Time since last request: 376.823579 seconds.
  path: Assets/script/NewBehaviourScript.cs
  artifactKey: Guid(b35eeb1e9d3d78548a8b4c1990485dd0) Importer(815301076,1909f56bfc062723c751e8b465ee728b)
Start importing Assets/script/NewBehaviourScript.cs using Guid(b35eeb1e9d3d78548a8b4c1990485dd0) Importer(815301076,1909f56bfc062723c751e8b465ee728b)  -> (artifact id: '8f5b04eba739efd0847f5050ef400210') in 0.025151 seconds
  Import took 0.028185 seconds .

========================================================================
Received Import Request.
  Time since last request: 16.395950 seconds.
  path: Assets/script/Player Movement.cs
  artifactKey: Guid(b35eeb1e9d3d78548a8b4c1990485dd0) Importer(815301076,1909f56bfc062723c751e8b465ee728b)
Start importing Assets/script/Player Movement.cs using Guid(b35eeb1e9d3d78548a8b4c1990485dd0) Importer(815301076,1909f56bfc062723c751e8b465ee728b)  -> (artifact id: 'bae9a5c50fc71bcc20dc060283813c18') in 0.005965 seconds
  Import took 0.009206 seconds .

========================================================================
Received Import Request.
  Time since last request: 145.661571 seconds.
  path: Assets/script/Following Camera.cs
  artifactKey: Guid(bac88ce480b650a4e8542f1a138b2663) Importer(815301076,1909f56bfc062723c751e8b465ee728b)
Start importing Assets/script/Following Camera.cs using Guid(bac88ce480b650a4e8542f1a138b2663) Importer(815301076,1909f56bfc062723c751e8b465ee728b)  -> (artifact id: '28823d5b7a3025a449c6e143b300cde6') in 0.013395 seconds
  Import took 0.019576 seconds .

========================================================================
Received Import Request.
  Time since last request: 435.561781 seconds.
  path: Assets/script/CameraBehavior.cs
  artifactKey: Guid(bac88ce480b650a4e8542f1a138b2663) Importer(815301076,1909f56bfc062723c751e8b465ee728b)
Start importing Assets/script/CameraBehavior.cs using Guid(bac88ce480b650a4e8542f1a138b2663) Importer(815301076,1909f56bfc062723c751e8b465ee728b)  -> (artifact id: '9b5249659e382d13a974337d0679fc8b') in 0.008486 seconds
  Import took 0.012219 seconds .

========================================================================
Received Import Request.
  Time since last request: 0.003829 seconds.
  path: Assets/script/CameraBehavior.cs
  artifactKey: Guid(bac88ce480b650a4e8542f1a138b2663) Importer(815301076,1909f56bfc062723c751e8b465ee728b)
Start importing Assets/script/CameraBehavior.cs using Guid(bac88ce480b650a4e8542f1a138b2663) Importer(815301076,1909f56bfc062723c751e8b465ee728b)  -> (artifact id: '9b5249659e382d13a974337d0679fc8b') in 0.009195 seconds
  Import took 0.012126 seconds .

========================================================================
Received Import Request.
  Time since last request: 11.440711 seconds.
  path: Assets/script/PlayerBehavior.cs
  artifactKey: Guid(b35eeb1e9d3d78548a8b4c1990485dd0) Importer(815301076,1909f56bfc062723c751e8b465ee728b)
Start importing Assets/script/PlayerBehavior.cs using Guid(b35eeb1e9d3d78548a8b4c1990485dd0) Importer(815301076,1909f56bfc062723c751e8b465ee728b)  -> (artifact id: 'bc6d986260266d9bfd5800bb6b9f5bde') in 0.009786 seconds
  Import took 0.013483 seconds .

========================================================================
Received Import Request.
  Time since last request: 108.763040 seconds.
  path: Assets/script/PlayerBehavior.cs
  artifactKey: Guid(b35eeb1e9d3d78548a8b4c1990485dd0) Importer(815301076,1909f56bfc062723c751e8b465ee728b)
Start importing Assets/script/PlayerBehavior.cs using Guid(b35eeb1e9d3d78548a8b4c1990485dd0) Importer(815301076,1909f56bfc062723c751e8b465ee728b)  -> (artifact id: '82dd76e3e22eb3fe8c4e305cc23f2094') in 0.051928 seconds
  Import took 0.055454 seconds .

========================================================================
Received Import Request.
  Time since last request: 3.013105 seconds.
  path: Assets/script/NewBehaviourScript.cs
  artifactKey: Guid(da905e8d46565434c89a0078367cb0b3) Importer(815301076,1909f56bfc062723c751e8b465ee728b)
Start importing Assets/script/NewBehaviourScript.cs using Guid(da905e8d46565434c89a0078367cb0b3) Importer(815301076,1909f56bfc062723c751e8b465ee728b)  -> (artifact id: '5bdda57543fd83e23e040b89949f7068') in 0.050550 seconds
  Import took 0.053647 seconds .

========================================================================
Received Import Request.
  Time since last request: 61.906531 seconds.
  path: Assets/script/Following Camera.cs
  artifactKey: Guid(ce878f4fe258a0a49b105d42b48aa539) Importer(815301076,1909f56bfc062723c751e8b465ee728b)
Start importing Assets/script/Following Camera.cs using Guid(ce878f4fe258a0a49b105d42b48aa539) Importer(815301076,1909f56bfc062723c751e8b465ee728b)  -> (artifact id: '6aea83319ad99833006a750428394f4c') in 0.007579 seconds
  Import took 0.010836 seconds .

========================================================================
Received Prepare
Registering precompiled user dll's ...
Registered in 0.001591 seconds.
Begin MonoManager ReloadAssembly
Native extension for WindowsStandalone target not found
Native extension for WebGL target not found
Refreshing native plugins compatible for Editor in 0.21 ms, found 0 plugins.
Preloading 0 native plugins for Editor in 0.00 ms.
Invoked RoslynAnalysisRunner static constructor.
RoslynAnalysisRunner will not be running.
RoslynAnalysisRunner has terminated.
Mono: successfully reloaded assembly
- Completed reload, in  1.336 seconds
Platform modules already initialized, skipping
Refreshing native plugins compatible for Editor in 0.24 ms, found 0 plugins.
Preloading 0 native plugins for Editor in 0.00 ms.
Unloading 1096 Unused Serialized files (Serialized files now loaded: 0)
System memory in use before: 60.8 MB.
System memory in use after: 60.8 MB.

Unloading 5 unused Assets to reduce memory usage. Loaded Objects now: 1589.
Total: 2.142900 ms (FindLiveObjects: 0.218900 ms CreateObjectMapping: 0.067700 ms MarkObjects: 1.791100 ms  DeleteObjects: 0.063700 ms)

========================================================================
Received Import Request.
  Time since last request: 59.271047 seconds.
  path: Assets/script/Player Movement.cs
  artifactKey: Guid(b35eeb1e9d3d78548a8b4c1990485dd0) Importer(815301076,1909f56bfc062723c751e8b465ee728b)
Start importing Assets/script/Player Movement.cs using Guid(b35eeb1e9d3d78548a8b4c1990485dd0) Importer(815301076,1909f56bfc062723c751e8b465ee728b)  -> (artifact id: 'b019340788fb0b35ac63826bfbdd225d') in 0.012285 seconds
  Import took 0.015080 seconds .

========================================================================
Received Prepare
Registering precompiled user dll's ...
Registered in 0.001526 seconds.
Begin MonoManager ReloadAssembly
Native extension for WindowsStandalone target not found
Native extension for WebGL target not found
Refreshing native plugins compatible for Editor in 0.20 ms, found 0 plugins.
Preloading 0 native plugins for Editor in 0.00 ms.
Invoked RoslynAnalysisRunner static constructor.
RoslynAnalysisRunner will not be running.
RoslynAnalysisRunner has terminated.
Mono: successfully reloaded assembly
- Completed reload, in  1.097 seconds
Platform modules already initialized, skipping
Refreshing native plugins compatible for Editor in 0.20 ms, found 0 plugins.
Preloading 0 native plugins for Editor in 0.00 ms.
Unloading 1096 Unused Serialized files (Serialized files now loaded: 0)
System memory in use before: 61.0 MB.
System memory in use after: 61.0 MB.

Unloading 5 unused Assets to reduce memory usage. Loaded Objects now: 1591.
Total: 2.552100 ms (FindLiveObjects: 0.265000 ms CreateObjectMapping: 0.055700 ms MarkObjects: 2.164000 ms  DeleteObjects: 0.066100 ms)

========================================================================
Received Prepare
Registering precompiled user dll's ...
Registered in 0.001271 seconds.
Begin MonoManager ReloadAssembly
Native extension for WindowsStandalone target not found
Native extension for WebGL target not found
Refreshing native plugins compatible for Editor in 0.25 ms, found 0 plugins.
Preloading 0 native plugins for Editor in 0.00 ms.
Invoked RoslynAnalysisRunner static constructor.
RoslynAnalysisRunner will not be running.
RoslynAnalysisRunner has terminated.
Mono: successfully reloaded assembly
- Completed reload, in  1.157 seconds
Platform modules already initialized, skipping
Refreshing native plugins compatible for Editor in 0.19 ms, found 0 plugins.
Preloading 0 native plugins for Editor in 0.00 ms.
Unloading 1096 Unused Serialized files (Serialized files now loaded: 0)
System memory in use before: 61.1 MB.
System memory in use after: 61.2 MB.

Unloading 5 unused Assets to reduce memory usage. Loaded Objects now: 1593.
Total: 1.882400 ms (FindLiveObjects: 0.187600 ms CreateObjectMapping: 0.035400 ms MarkObjects: 1.593900 ms  DeleteObjects: 0.064600 ms)

========================================================================
Received Import Request.
  Time since last request: 223.915086 seconds.
  path: Assets/script/CameraBehavior.cs
  artifactKey: Guid(bac88ce480b650a4e8542f1a138b2663) Importer(815301076,1909f56bfc062723c751e8b465ee728b)
Start importing Assets/script/CameraBehavior.cs using Guid(bac88ce480b650a4e8542f1a138b2663) Importer(815301076,1909f56bfc062723c751e8b465ee728b)  -> (artifact id: 'f8968ed83bf6d3ed8e95432d260ff1e0') in 0.048799 seconds
  Import took 0.052934 seconds .

========================================================================
Received Import Request.
  Time since last request: 86.609938 seconds.
  path: Assets/script/Player Movement.cs
  artifactKey: Guid(ecd79bb0e96d87b49b2808934f9c2f85) Importer(815301076,1909f56bfc062723c751e8b465ee728b)
Start importing Assets/script/Player Movement.cs using Guid(ecd79bb0e96d87b49b2808934f9c2f85) Importer(815301076,1909f56bfc062723c751e8b465ee728b)  -> (artifact id: '5a8ee0099ba0f38b41055325c952ac5a') in 0.008198 seconds
  Import took 0.011842 seconds .

========================================================================
Received Import Request.
  Time since last request: 473.470846 seconds.
  path: Assets/script/CameraBehavior.cs
  artifactKey: Guid(bac88ce480b650a4e8542f1a138b2663) Importer(815301076,1909f56bfc062723c751e8b465ee728b)
Start importing Assets/script/CameraBehavior.cs using Guid(bac88ce480b650a4e8542f1a138b2663) Importer(815301076,1909f56bfc062723c751e8b465ee728b)  -> (artifact id: '6a8bca369f07f52379688db4e9826967') in 0.048772 seconds
  Import took 0.055334 seconds .

========================================================================
Received Import Request.
  Time since last request: 33.709447 seconds.
  path: Assets/script/ItemBehavior.cs
  artifactKey: Guid(d0070edaaf585bd43978394f4d0f2d9a) Importer(815301076,1909f56bfc062723c751e8b465ee728b)
Start importing Assets/script/ItemBehavior.cs using Guid(d0070edaaf585bd43978394f4d0f2d9a) Importer(815301076,1909f56bfc062723c751e8b465ee728b)  -> (artifact id: 'b60b58377ffd87282dcce08149ce333c') in 0.008131 seconds
  Import took 0.011067 seconds .

========================================================================
Received Import Request.
  Time since last request: 254.854856 seconds.
  path: Assets/script/ItemBehavior.cs
  artifactKey: Guid(d0070edaaf585bd43978394f4d0f2d9a) Importer(815301076,1909f56bfc062723c751e8b465ee728b)
Start importing Assets/script/ItemBehavior.cs using Guid(d0070edaaf585bd43978394f4d0f2d9a) Importer(815301076,1909f56bfc062723c751e8b465ee728b)  -> (artifact id: 'b4d13649b1cfe870c5b015019039760e') in 0.052146 seconds
  Import took 0.055772 seconds .

